<?xml version="1.0" encoding="UTF-8" ?>
<testsuite tests="3" failures="0" name="de.mpg.biochem.cytokegg.internal.service.KeggServiceTest" time="5.588" errors="0" skipped="0">
  <properties>
[...]
</properties>
  <testcase classname="de.mpg.biochem.cytokegg.internal.service.KeggServiceTest" name="testGetPathwaysByOrg" time="1.988"/>
  <testcase classname="de.mpg.biochem.cytokegg.internal.service.KeggServiceTest" name="testFind" time="1.128"/>
  <testcase classname="de.mpg.biochem.cytokegg.internal.service.KeggServiceTest" name="testGetOrganisms" time="2.431"/>
</testsuite>